<?xml version="1.0" encoding="UTF-8"?>
<!-- Generated by org.testng.reporters.JUnitXMLReporter -->
<testsuite hostname="DESKTOP-F07U0B1" ignored="0" name="Test" tests="13" failures="7" timestamp="2019-09-17T12:32:23 CDT" time="191.077" errors="0">
  <testcase name="login1" time="2.337" classname="com.hexaware.testscripts.Login.LoginTestNG"/>
  <testcase name="login2" time="2.555" classname="com.hexaware.testscripts.Login.LoginTestNG"/>
  <testcase name="login3" time="2.525" classname="com.hexaware.testscripts.Login.LoginTestNG"/>
  <testcase name="login4" time="2.633" classname="com.hexaware.testscripts.Login.LoginTestNG">
    <failure type="java.lang.AssertionError" message="Does not display a message // did not expect to find [true] but found [false]">
      <![CDATA[java.lang.AssertionError: Does not display a message // did not expect to find [true] but found [false]
at com.hexaware.testscripts.Login.LoginTestNG.login4(LoginTestNG.java:248)
at java.util.ArrayList.forEach(ArrayList.java:1257)
... Removed 34 stack frames]]>
    </failure>
  </testcase> <!-- login4 -->
  <testcase name="login5" time="2.4" classname="com.hexaware.testscripts.Login.LoginTestNG">
    <failure type="java.lang.AssertionError" message="Does not display a message // did not expect to find [true] but found [false]">
      <![CDATA[java.lang.AssertionError: Does not display a message // did not expect to find [true] but found [false]
at com.hexaware.testscripts.Login.LoginTestNG.login5(LoginTestNG.java:295)
at java.util.ArrayList.forEach(ArrayList.java:1257)
... Removed 34 stack frames]]>
    </failure>
  </testcase> <!-- login5 -->
  <testcase name="login6" time="2.328" classname="com.hexaware.testscripts.Login.LoginTestNG"/>
  <testcase name="login7" time="2.169" classname="com.hexaware.testscripts.Login.LoginTestNG">
    <failure type="java.lang.AssertionError" message="Does not display a mesaage// did not expect to find [true] but found [false]">
      <![CDATA[java.lang.AssertionError: Does not display a mesaage// did not expect to find [true] but found [false]
at com.hexaware.testscripts.Login.LoginTestNG.login7(LoginTestNG.java:391)
at java.util.ArrayList.forEach(ArrayList.java:1257)
... Removed 34 stack frames]]>
    </failure>
  </testcase> <!-- login7 -->
  <testcase name="login8" time="2.38" classname="com.hexaware.testscripts.Login.LoginTestNG"/>
  <testcase name="login9" time="2.437" classname="com.hexaware.testscripts.Login.LoginTestNG"/>
  <testcase name="login10" time="1.573" classname="com.hexaware.testscripts.Login.LoginTestNG">
    <failure type="java.lang.AssertionError" message="Does not redirect to another page // did not expect to find [true] but found [false]">
      <![CDATA[java.lang.AssertionError: Does not redirect to another page // did not expect to find [true] but found [false]
at com.hexaware.testscripts.Login.LoginTestNG.login10(LoginTestNG.java:540)
at java.util.ArrayList.forEach(ArrayList.java:1257)
... Removed 34 stack frames]]>
    </failure>
  </testcase> <!-- login10 -->
  <testcase name="login11" time="1.662" classname="com.hexaware.testscripts.Login.LoginTestNG">
    <failure type="java.lang.AssertionError" message="Does not redirect to another page // did not expect to find [true] but found [false]">
      <![CDATA[java.lang.AssertionError: Does not redirect to another page // did not expect to find [true] but found [false]
at com.hexaware.testscripts.Login.LoginTestNG.login11(LoginTestNG.java:573)
at java.util.ArrayList.forEach(ArrayList.java:1257)
... Removed 34 stack frames]]>
    </failure>
  </testcase> <!-- login11 -->
  <testcase name="login12" time="3.178" classname="com.hexaware.testscripts.Login.LoginTestNG">
    <failure type="java.lang.AssertionError" message="Does not redirect to another page to log in with google // did not expect to find [true] but found [false]">
      <![CDATA[java.lang.AssertionError: Does not redirect to another page to log in with google // did not expect to find [true] but found [false]
at com.hexaware.testscripts.Login.LoginTestNG.login12(LoginTestNG.java:609)
at java.util.ArrayList.forEach(ArrayList.java:1257)
... Removed 34 stack frames]]>
    </failure>
  </testcase> <!-- login12 -->
  <testcase name="login13" time="2.575" classname="com.hexaware.testscripts.Login.LoginTestNG">
    <failure type="java.lang.AssertionError" message="Does not display the message // did not expect to find [true] but found [false]">
      <![CDATA[java.lang.AssertionError: Does not display the message // did not expect to find [true] but found [false]
at com.hexaware.testscripts.Login.LoginTestNG.login13(LoginTestNG.java:656)
at java.util.ArrayList.forEach(ArrayList.java:1257)
... Removed 34 stack frames]]>
    </failure>
  </testcase> <!-- login13 -->
</testsuite> <!-- Test -->
